<?xml version="1.0" encoding="UTF-8"?>
<!-- Generated by org.testng.reporters.JUnitReportReporter -->
<testsuite skipped="0" hostname="LAPTOP-BN8E26I5" name="com.purchaseordertestcases.logintest" tests="3" failures="0" timestamp="01 Dec 2019 10:11:10 GMT" time="18.467" errors="0">
  <testcase name="login" time="6.383" classname="com.purchaseordertestcases.logintest"/>
  <testcase name="createpurchase" time="7.321" classname="com.purchaseordertestcases.logintest"/>
  <testcase name="confirmpurchase" time="4.763" classname="com.purchaseordertestcases.logintest"/>
</testsuite> <!-- com.purchaseordertestcases.logintest -->
