<?xml version="1.0" encoding="UTF-8"?>
<!-- Generated by org.testng.reporters.JUnitReportReporter -->
<testsuite skipped="0" hostname="LAPTOP-BN8E26I5" name="com.crmtestcases.logintest" tests="1" failures="0" timestamp="17 Nov 2019 02:25:08 GMT" time="1.191" errors="0">
  <testcase name="login" time="1.191" classname="com.crmtestcases.logintest"/>
</testsuite> <!-- com.crmtestcases.logintest -->
